#-----------------------------------------------------------
# Vivado v2018.2 (64-bit)
# SW Build 2258646 on Thu Jun 14 20:03:12 MDT 2018
# IP Build 2256618 on Thu Jun 14 22:10:49 MDT 2018
# Start of session at: Sun Feb 22 22:57:41 2026
# Process ID: 7032
# Current directory: C:/Users/Syed Mudassar Ali/Desktop/Lab2/Misc/vivado
# Command line: vivado.exe -gui_launcher_event rodinguilauncherevent6148 C:\Users\Syed Mudassar Ali\Desktop\Lab2\Misc\vivado\vivado.xpr
# Log file: C:/Users/Syed Mudassar Ali/Desktop/Lab2/Misc/vivado/vivado.log
# Journal file: C:/Users/Syed Mudassar Ali/Desktop/Lab2/Misc/vivado\vivado.jou
#-----------------------------------------------------------
start_gui
open_project {C:/Users/Syed Mudassar Ali/Desktop/Lab2/Misc/vivado/vivado.xpr}
CRITICAL WARNING: [Project 1-19] Could not find the file 'C:/Users/Syed Mudassar Ali/Desktop/Lab2/Misc/vivado/vivado.srcs/constrs_1/new/lab2.xdc'.
Scanning sources...
Finished scanning sources
WARNING: [Project 1-509] GeneratedRun file for 'synth_1' not found
WARNING: [Project 1-509] GeneratedRun file for 'impl_1' not found
WARNING: [filemgmt 56-3] IPUserFilesDir: Could not find the directory 'C:/Users/Syed Mudassar Ali/Desktop/Lab2/Misc/vivado/vivado.ip_user_files'.
INFO: [IP_Flow 19-234] Refreshing IP repositories
INFO: [IP_Flow 19-1704] No user IP repositories specified
INFO: [IP_Flow 19-2313] Loaded Vivado IP repository 'C:/Xilinx/Vivado/2018.2/data/ip'.
open_project: Time (s): cpu = 00:00:25 ; elapsed = 00:00:15 . Memory (MB): peak = 836.781 ; gain = 102.035
update_compile_order -fileset sources_1
exit
INFO: [Common 17-206] Exiting Vivado at Sun Feb 22 22:58:50 2026...
